<?xml version="1.0" encoding="UTF-8"?>
<!--  Input XML document. This XML is valid against Test-with-targetNamespace.xsd -->

<!--============================================================
When we use xsi:schemaLocation in XML we directly determine that
XSD has target namespace. So, all globally declared names in XSD
should be QUALIFIED with some prefix
	st3:Test 
which is binded with that target namespace:
	xmlns:st3="http://knure.kharkov.ua/jt/st3example"
=============================================================-->
<st3:Test xmlns:xsi="http://www.w3.org/2001/XMLSchema-instance"
          xmlns:st3="http://knure.kharkov.ua/jt/st3example"
          xsi:schemaLocation=
                  "http://knure.kharkov.ua/jt/st3example
			Test-with-targetNamespace.xsd">

    <!--============================================================
    All the other names we used in XML belong to NO namespace
    (accordingly XSD), so we NOT qualify them.
    =============================================================-->
    <Question>
        <QuestionText>Вопрос 1</QuestionText>
        <Answer>Вариант 1.1</Answer>
        <Answer correct="true">Вариант 1.3</Answer>
        <Answer>Вариант 1.2</Answer>
        <Answer>Вариант 1.4</Answer>
    </Question>

    <Question>
        <QuestionText>Вопрос 3</QuestionText>
        <Answer>Вариант 3.2</Answer>
        <Answer correct="true">Вариант 3.3</Answer>
        <Answer correct="true">Вариант 3.1</Answer>
    </Question>

    <Question>
        <QuestionText>Вопрос 2</QuestionText>
        <Answer>Вариант 2.1</Answer>
        <Answer correct="true">Вариант 2.2</Answer>
    </Question>
</st3:Test>